2017-04-20 03:27:53,597 - redfish - INFO - HPE Restful API examples
2017-04-20 06:14:35,430 - redfish - INFO - HPE Restful API examples
2017-04-20 06:14:35,475 - redfish.rest.v1 - INFO - Attempt 1 of /rest/v1
2017-04-20 06:14:35,759 - redfish.rest.v1 - INFO - Response Time to /rest/v1: 0.01 seconds.
2017-04-20 06:14:35,764 - redfish.rest.v1 - INFO - Attempt 1 of /rest/v1/SessionService/Sessions
2017-04-20 06:14:36,111 - redfish.rest.v1 - INFO - Response Time to /rest/v1/SessionService/Sessions: 0.0 seconds.
2017-04-20 06:14:36,111 - redfish.rest.v1 - INFO - {u'Type': u'ExtendedError.1.0.0', u'Messages': [{u'MessageID': u'Base.0.10.Created'}], u'error': {u'code': u'iLO.0.10.ExtendedInfo', u'message': u'See @Message.ExtendedInfo for more information.', u'@Message.ExtendedInfo': [{u'MessageID': u'Base.0.10.Created'}]}}
2017-04-20 06:14:36,111 - redfish.rest.v1 - INFO - Login returned code 201: {"Messages":[{"MessageID":"Base.0.10.Created"}],"Type":"ExtendedError.1.0.0","error":{"@Message.ExtendedInfo":[{"MessageID":"Base.0.10.Created"}],"code":"iLO.0.10.ExtendedInfo","message":"See @Message.ExtendedInfo for more information."}}

2017-04-20 06:14:36,113 - redfish.rest.v1 - INFO - Attempt 1 of /rest/v1/resourcedirectory
2017-04-20 06:14:36,427 - redfish.rest.v1 - INFO - Response Time to /rest/v1/resourcedirectory: 0.01 seconds.
2017-04-20 06:14:36,458 - redfish.rest.v1 - INFO - Attempt 1 of /rest/v1/Registries
2017-04-20 06:14:36,666 - redfish.rest.v1 - INFO - Response Time to /rest/v1/Registries: 0.0 seconds.
2017-04-20 06:14:36,674 - redfish.rest.v1 - INFO - Attempt 1 of /rest/v1/RegistryStore/registries/en/Base.json
2017-04-20 06:14:36,825 - redfish.rest.v1 - INFO - Response Time to /rest/v1/RegistryStore/registries/en/Base.json: 0.0 seconds.
2017-04-20 06:14:36,831 - redfish.rest.v1 - INFO - Attempt 1 of /rest/v1/RegistryStore/registries/en/iLO.json
2017-04-20 06:14:36,988 - redfish.rest.v1 - INFO - Response Time to /rest/v1/RegistryStore/registries/en/iLO.json: 0.01 seconds.
2017-04-20 06:15:46,083 - redfish - INFO - HPE Restful API examples
2017-04-20 06:15:46,124 - redfish.rest.v1 - INFO - Attempt 1 of /rest/v1
2017-04-20 06:15:46,405 - redfish.rest.v1 - INFO - Response Time to /rest/v1: 0.0 seconds.
2017-04-20 06:15:46,409 - redfish.rest.v1 - INFO - Attempt 1 of /rest/v1/SessionService/Sessions
2017-04-20 06:15:46,728 - redfish.rest.v1 - INFO - Response Time to /rest/v1/SessionService/Sessions: 0.01 seconds.
2017-04-20 06:15:46,729 - redfish.rest.v1 - INFO - {u'Type': u'ExtendedError.1.0.0', u'Messages': [{u'MessageID': u'Base.0.10.Created'}], u'error': {u'code': u'iLO.0.10.ExtendedInfo', u'message': u'See @Message.ExtendedInfo for more information.', u'@Message.ExtendedInfo': [{u'MessageID': u'Base.0.10.Created'}]}}
2017-04-20 06:15:46,729 - redfish.rest.v1 - INFO - Login returned code 201: {"Messages":[{"MessageID":"Base.0.10.Created"}],"Type":"ExtendedError.1.0.0","error":{"@Message.ExtendedInfo":[{"MessageID":"Base.0.10.Created"}],"code":"iLO.0.10.ExtendedInfo","message":"See @Message.ExtendedInfo for more information."}}

2017-04-20 06:15:46,730 - redfish.rest.v1 - INFO - Attempt 1 of /rest/v1/resourcedirectory
2017-04-20 06:15:47,108 - redfish.rest.v1 - INFO - Response Time to /rest/v1/resourcedirectory: 0.0 seconds.
2017-04-20 06:15:47,141 - redfish.rest.v1 - INFO - Attempt 1 of /rest/v1/Registries
2017-04-20 06:15:47,327 - redfish.rest.v1 - INFO - Response Time to /rest/v1/Registries: 0.0 seconds.
2017-04-20 06:15:47,333 - redfish.rest.v1 - INFO - Attempt 1 of /rest/v1/RegistryStore/registries/en/Base.json
2017-04-20 06:15:47,486 - redfish.rest.v1 - INFO - Response Time to /rest/v1/RegistryStore/registries/en/Base.json: 0.01 seconds.
2017-04-20 06:15:47,492 - redfish.rest.v1 - INFO - Attempt 1 of /rest/v1/RegistryStore/registries/en/iLO.json
2017-04-20 06:15:47,647 - redfish.rest.v1 - INFO - Response Time to /rest/v1/RegistryStore/registries/en/iLO.json: 0.0 seconds.
2017-04-20 06:15:50,103 - redfish.rest.v1 - INFO - iLO Response Time to /rest/v1: 0.01 secs.
2017-04-20 06:15:50,609 - redfish.rest.v1 - INFO - iLO Response Time to /rest/v1/SessionService/Sessions: 0.0 secs.
2017-04-20 06:15:50,610 - redfish.rest.v1 - INFO - {u'Type': u'ExtendedError.1.0.0', u'Messages': [{u'MessageID': u'Base.0.10.Created'}], u'error': {u'code': u'iLO.0.10.ExtendedInfo', u'message': u'See @Message.ExtendedInfo for more information.', u'@Message.ExtendedInfo': [{u'MessageID': u'Base.0.10.Created'}]}}
2017-04-20 06:15:50,610 - redfish.rest.v1 - INFO - Login returned code 201: {"Messages":[{"MessageID":"Base.0.10.Created"}],"Type":"ExtendedError.1.0.0","error":{"@Message.ExtendedInfo":[{"MessageID":"Base.0.10.Created"}],"code":"iLO.0.10.ExtendedInfo","message":"See @Message.ExtendedInfo for more information."}}

2017-04-20 06:15:51,448 - redfish.rest.v1 - INFO - iLO Response Time to /rest/v1/resourcedirectory: 0.01 secs.
2017-04-20 06:15:52,300 - redfish.rest.v1 - INFO - iLO Response Time to /rest/v1/Registries: 0.0 secs.
2017-04-20 06:15:52,741 - redfish.rest.v1 - INFO - iLO Response Time to /rest/v1/RegistryStore/registries/en/Base.json: 0.0 secs.
2017-04-20 06:15:53,646 - redfish.rest.v1 - INFO - iLO Response Time to /rest/v1/RegistryStore/registries/en/iLO.json: 0.01 secs.
2017-04-20 06:16:57,596 - redfish - INFO - HPE Restful API examples
2017-04-20 06:16:57,640 - redfish.rest.v1 - INFO - Attempt 1 of /rest/v1
2017-04-20 06:16:58,006 - redfish.rest.v1 - INFO - Response Time to /rest/v1: 0.0 seconds.
2017-04-20 06:16:58,012 - redfish.rest.v1 - INFO - Attempt 1 of /rest/v1/SessionService/Sessions
2017-04-20 06:16:58,332 - redfish.rest.v1 - INFO - Response Time to /rest/v1/SessionService/Sessions: 0.01 seconds.
2017-04-20 06:16:58,332 - redfish.rest.v1 - INFO - {u'Type': u'ExtendedError.1.0.0', u'Messages': [{u'MessageID': u'Base.0.10.Created'}], u'error': {u'code': u'iLO.0.10.ExtendedInfo', u'message': u'See @Message.ExtendedInfo for more information.', u'@Message.ExtendedInfo': [{u'MessageID': u'Base.0.10.Created'}]}}
2017-04-20 06:16:58,332 - redfish.rest.v1 - INFO - Login returned code 201: {"Messages":[{"MessageID":"Base.0.10.Created"}],"Type":"ExtendedError.1.0.0","error":{"@Message.ExtendedInfo":[{"MessageID":"Base.0.10.Created"}],"code":"iLO.0.10.ExtendedInfo","message":"See @Message.ExtendedInfo for more information."}}

2017-04-20 06:16:58,332 - redfish.rest.v1 - INFO - Attempt 1 of /rest/v1/resourcedirectory
2017-04-20 06:16:58,646 - redfish.rest.v1 - INFO - Response Time to /rest/v1/resourcedirectory: 0.01 seconds.
2017-04-20 06:16:58,678 - redfish.rest.v1 - INFO - Attempt 1 of /rest/v1/Registries
2017-04-20 06:16:58,913 - redfish.rest.v1 - INFO - Response Time to /rest/v1/Registries: 0.01 seconds.
2017-04-20 06:16:58,919 - redfish.rest.v1 - INFO - Attempt 1 of /rest/v1/RegistryStore/registries/en/Base.json
2017-04-20 06:16:59,103 - redfish.rest.v1 - INFO - Response Time to /rest/v1/RegistryStore/registries/en/Base.json: 0.02 seconds.
2017-04-20 06:16:59,111 - redfish.rest.v1 - INFO - Attempt 1 of /rest/v1/RegistryStore/registries/en/iLO.json
2017-04-20 06:16:59,286 - redfish.rest.v1 - INFO - Response Time to /rest/v1/RegistryStore/registries/en/iLO.json: 0.01 seconds.
2017-04-20 06:16:59,970 - redfish.rest.v1 - INFO - iLO Response Time to /rest/v1: 0.0 secs.
2017-04-20 06:17:00,455 - redfish.rest.v1 - INFO - iLO Response Time to /rest/v1/SessionService/Sessions: 0.0 secs.
2017-04-20 06:17:00,457 - redfish.rest.v1 - INFO - {u'Type': u'ExtendedError.1.0.0', u'Messages': [{u'MessageID': u'Base.0.10.Created'}], u'error': {u'code': u'iLO.0.10.ExtendedInfo', u'message': u'See @Message.ExtendedInfo for more information.', u'@Message.ExtendedInfo': [{u'MessageID': u'Base.0.10.Created'}]}}
2017-04-20 06:17:00,457 - redfish.rest.v1 - INFO - Login returned code 201: {"Messages":[{"MessageID":"Base.0.10.Created"}],"Type":"ExtendedError.1.0.0","error":{"@Message.ExtendedInfo":[{"MessageID":"Base.0.10.Created"}],"code":"iLO.0.10.ExtendedInfo","message":"See @Message.ExtendedInfo for more information."}}

2017-04-20 06:17:01,392 - redfish.rest.v1 - INFO - iLO Response Time to /rest/v1/resourcedirectory: 0.01 secs.
2017-04-20 06:17:02,342 - redfish.rest.v1 - INFO - iLO Response Time to /rest/v1/Registries: 0.0 secs.
2017-04-20 06:17:02,737 - redfish.rest.v1 - INFO - iLO Response Time to /rest/v1/RegistryStore/registries/en/Base.json: 0.01 secs.
2017-04-20 06:17:03,720 - redfish.rest.v1 - INFO - iLO Response Time to /rest/v1/RegistryStore/registries/en/iLO.json: 0.01 secs.
2017-04-20 06:17:24,718 - redfish - INFO - HPE Restful API examples
2017-04-20 06:17:24,760 - redfish.rest.v1 - INFO - Attempt 1 of /rest/v1
2017-04-20 06:17:25,154 - redfish.rest.v1 - INFO - Response Time to /rest/v1: 0.0 seconds.
2017-04-20 06:17:25,159 - redfish.rest.v1 - INFO - Attempt 1 of /rest/v1/SessionService/Sessions
2017-04-20 06:17:25,841 - redfish.rest.v1 - INFO - Response Time to /rest/v1/SessionService/Sessions: 0.01 seconds.
2017-04-20 06:17:25,841 - redfish.rest.v1 - INFO - {u'Type': u'ExtendedError.1.0.0', u'Messages': [{u'MessageID': u'Base.0.10.Created'}], u'error': {u'code': u'iLO.0.10.ExtendedInfo', u'message': u'See @Message.ExtendedInfo for more information.', u'@Message.ExtendedInfo': [{u'MessageID': u'Base.0.10.Created'}]}}
2017-04-20 06:17:25,841 - redfish.rest.v1 - INFO - Login returned code 201: {"Messages":[{"MessageID":"Base.0.10.Created"}],"Type":"ExtendedError.1.0.0","error":{"@Message.ExtendedInfo":[{"MessageID":"Base.0.10.Created"}],"code":"iLO.0.10.ExtendedInfo","message":"See @Message.ExtendedInfo for more information."}}

2017-04-20 06:17:25,843 - redfish.rest.v1 - INFO - Attempt 1 of /rest/v1/resourcedirectory
2017-04-20 06:17:26,215 - redfish.rest.v1 - INFO - Response Time to /rest/v1/resourcedirectory: 0.01 seconds.
2017-04-20 06:17:26,247 - redfish.rest.v1 - INFO - Attempt 1 of /rest/v1/Registries
2017-04-20 06:17:27,128 - redfish.rest.v1 - INFO - Response Time to /rest/v1/Registries: 0.01 seconds.
2017-04-20 06:17:27,134 - redfish.rest.v1 - INFO - Attempt 1 of /rest/v1/RegistryStore/registries/en/Base.json
2017-04-20 06:17:27,316 - redfish.rest.v1 - INFO - Response Time to /rest/v1/RegistryStore/registries/en/Base.json: 0.01 seconds.
2017-04-20 06:17:27,322 - redfish.rest.v1 - INFO - Attempt 1 of /rest/v1/RegistryStore/registries/en/iLO.json
2017-04-20 06:17:28,775 - redfish.rest.v1 - INFO - Response Time to /rest/v1/RegistryStore/registries/en/iLO.json: 0.0 seconds.
2017-04-20 06:17:37,764 - redfish.rest.v1 - INFO - iLO Response Time to /rest/v1: 0.01 secs.
2017-04-20 06:17:40,015 - redfish.rest.v1 - INFO - iLO Response Time to /rest/v1/SessionService/Sessions: 0.0 secs.
2017-04-20 06:17:40,015 - redfish.rest.v1 - INFO - {u'Type': u'ExtendedError.1.0.0', u'Messages': [{u'MessageID': u'Base.0.10.Created'}], u'error': {u'code': u'iLO.0.10.ExtendedInfo', u'message': u'See @Message.ExtendedInfo for more information.', u'@Message.ExtendedInfo': [{u'MessageID': u'Base.0.10.Created'}]}}
2017-04-20 06:17:40,016 - redfish.rest.v1 - INFO - Login returned code 201: {"Messages":[{"MessageID":"Base.0.10.Created"}],"Type":"ExtendedError.1.0.0","error":{"@Message.ExtendedInfo":[{"MessageID":"Base.0.10.Created"}],"code":"iLO.0.10.ExtendedInfo","message":"See @Message.ExtendedInfo for more information."}}

2017-04-20 06:17:40,453 - redfish.rest.v1 - INFO - iLO Response Time to /rest/v1/resourcedirectory: 0.01 secs.
2017-04-20 06:17:41,289 - redfish.rest.v1 - INFO - iLO Response Time to /rest/v1/Registries: 0.0 secs.
2017-04-20 06:17:42,290 - redfish.rest.v1 - INFO - iLO Response Time to /rest/v1/RegistryStore/registries/en/Base.json: 0.01 secs.
2017-04-20 06:17:42,716 - redfish.rest.v1 - INFO - iLO Response Time to /rest/v1/RegistryStore/registries/en/iLO.json: 0.0 secs.
2017-04-20 06:17:42,773 - redfish.rest.v1 - INFO - Attempt 1 of /rest/v1/Chassis/1/Power/FastPowerMeter
2017-04-20 06:17:43,132 - redfish.rest.v1 - INFO - Response Time to /rest/v1/Chassis/1/Power/FastPowerMeter: 0.0 seconds.
2017-04-20 07:40:31,384 - redfish - INFO - HPE Restful API examples
2017-04-20 07:40:31,427 - redfish.rest.v1 - INFO - Attempt 1 of /rest/v1
2017-04-20 07:40:31,611 - redfish.rest.v1 - INFO - Response Time to /rest/v1: 0.01 seconds.
2017-04-20 07:40:31,615 - redfish.rest.v1 - INFO - Attempt 1 of /rest/v1/SessionService/Sessions
2017-04-20 07:40:31,854 - redfish.rest.v1 - INFO - Response Time to /rest/v1/SessionService/Sessions: 0.0 seconds.
2017-04-20 07:40:31,855 - redfish.rest.v1 - INFO - {u'Type': u'ExtendedError.1.0.0', u'Messages': [{u'MessageID': u'Base.0.10.Created'}], u'error': {u'code': u'iLO.0.10.ExtendedInfo', u'message': u'See @Message.ExtendedInfo for more information.', u'@Message.ExtendedInfo': [{u'MessageID': u'Base.0.10.Created'}]}}
2017-04-20 07:40:31,855 - redfish.rest.v1 - INFO - Login returned code 201: {"Messages":[{"MessageID":"Base.0.10.Created"}],"Type":"ExtendedError.1.0.0","error":{"@Message.ExtendedInfo":[{"MessageID":"Base.0.10.Created"}],"code":"iLO.0.10.ExtendedInfo","message":"See @Message.ExtendedInfo for more information."}}

2017-04-20 07:40:31,855 - redfish.rest.v1 - INFO - Attempt 1 of /rest/v1/resourcedirectory
2017-04-20 07:40:32,141 - redfish.rest.v1 - INFO - Response Time to /rest/v1/resourcedirectory: 0.0 seconds.
2017-04-20 07:40:32,169 - redfish.rest.v1 - INFO - Attempt 1 of /rest/v1/Registries
2017-04-20 07:40:32,471 - redfish.rest.v1 - INFO - Response Time to /rest/v1/Registries: 0.0 seconds.
2017-04-20 07:40:32,477 - redfish.rest.v1 - INFO - Attempt 1 of /rest/v1/RegistryStore/registries/en/Base.json
2017-04-20 07:40:32,608 - redfish.rest.v1 - INFO - Response Time to /rest/v1/RegistryStore/registries/en/Base.json: 0.0 seconds.
2017-04-20 07:40:32,616 - redfish.rest.v1 - INFO - Attempt 1 of /rest/v1/RegistryStore/registries/en/iLO.json
2017-04-20 07:40:32,753 - redfish.rest.v1 - INFO - Response Time to /rest/v1/RegistryStore/registries/en/iLO.json: 0.0 seconds.
2017-04-20 07:40:32,899 - redfish.rest.v1 - INFO - iLO Response Time to /rest/v1: 0.01 secs.
2017-04-20 07:40:33,030 - redfish.rest.v1 - INFO - iLO Response Time to /rest/v1/SessionService/Sessions: 0.0 secs.
2017-04-20 07:40:33,030 - redfish.rest.v1 - INFO - {u'Type': u'ExtendedError.1.0.0', u'Messages': [{u'MessageID': u'Base.0.10.Created'}], u'error': {u'code': u'iLO.0.10.ExtendedInfo', u'message': u'See @Message.ExtendedInfo for more information.', u'@Message.ExtendedInfo': [{u'MessageID': u'Base.0.10.Created'}]}}
2017-04-20 07:40:33,031 - redfish.rest.v1 - INFO - Login returned code 201: {"Messages":[{"MessageID":"Base.0.10.Created"}],"Type":"ExtendedError.1.0.0","error":{"@Message.ExtendedInfo":[{"MessageID":"Base.0.10.Created"}],"code":"iLO.0.10.ExtendedInfo","message":"See @Message.ExtendedInfo for more information."}}

2017-04-20 07:40:33,224 - redfish.rest.v1 - INFO - iLO Response Time to /rest/v1/resourcedirectory: 0.01 secs.
2017-04-20 07:40:33,513 - redfish.rest.v1 - INFO - iLO Response Time to /rest/v1/Registries: 0.01 secs.
2017-04-20 07:40:33,550 - redfish.rest.v1 - INFO - iLO Response Time to /rest/v1/RegistryStore/registries/en/Base.json: 0.0 secs.
2017-04-20 07:40:33,591 - redfish.rest.v1 - INFO - iLO Response Time to /rest/v1/RegistryStore/registries/en/iLO.json: 0.01 secs.
2017-04-20 07:40:33,652 - redfish.rest.v1 - INFO - Attempt 1 of /redfish/v1/Chassis/1/Power
2017-04-20 07:40:33,768 - redfish.rest.v1 - INFO - Response Time to /redfish/v1/Chassis/1/Power: 0.01 seconds.
2017-04-20 07:40:33,941 - redfish.rest.v1 - INFO - Response Time to /redfish/v1/Chassis/1/Power: 0.01 seconds.
